2025-08-06 10:46:44,178 - FaceDetector - ERROR - Failed to initialize FaceDetector: 'ConfigManager' object has no attribute 'get_head_pose_config'
2025-08-06 10:46:44,292 - FaceRecognitionSystem - ERROR - Face detector initialization failed
2025-08-06 10:52:11,487 - FaceDetector - INFO - Face detection components initialized
2025-08-06 10:52:11,779 - FaceDetector - INFO - FaceDetector initialized successfully
2025-08-06 10:52:12,005 - FaceRecognitionSystem - INFO - Face recognition system initialized successfully
2025-08-06 10:52:12,134 - FaceRecognitionSystem - INFO - Checking system requirements...
2025-08-06 10:54:44,961 - FaceRecognitionSystem - INFO - Starting camera (index: 0)...
2025-08-06 11:02:23,425 - FaceDetector - INFO - Face detection components initialized
2025-08-06 11:02:23,614 - FaceDetector - INFO - FaceDetector initialized successfully
2025-08-06 11:02:23,841 - FaceRecognitionSystem - INFO - Face recognition system initialized successfully
2025-08-06 11:02:24,007 - FaceRecognitionSystem - INFO - Checking system requirements...
2025-08-06 11:04:48,464 - FaceRecognitionSystem - INFO - Starting camera (index: 0)...
2025-08-06 11:10:14,293 - FaceDetector - INFO - FaceDetector cleaned up
2025-08-06 11:10:14,309 - FaceRecognitionSystem - INFO - System cleanup completed
2025-08-06 11:10:14,309 - FaceDetector - INFO - FaceDetector cleaned up
2025-08-06 11:10:14,309 - FaceRecognitionSystem - INFO - System cleanup completed
2025-08-06 11:18:27,795 - FaceDetector - INFO - Face detection components initialized
2025-08-06 11:18:28,812 - FaceDetector - INFO - FaceDetector initialized successfully
2025-08-06 11:18:29,078 - FaceRecognitionSystem - INFO - Face recognition system initialized successfully
2025-08-06 11:18:29,219 - FaceRecognitionSystem - INFO - Checking system requirements...
2025-08-06 11:20:16,701 - FaceRecognitionSystem - INFO - [OK] All requirements met!
2025-08-06 11:20:17,520 - FaceRecognitionSystem - INFO - Starting camera (index: 0)...
2025-08-06 11:26:34,910 - FaceDetector - INFO - FaceDetector cleaned up
2025-08-06 11:26:35,329 - FaceRecognitionSystem - INFO - System cleanup completed
2025-08-06 11:26:35,330 - FaceDetector - INFO - FaceDetector cleaned up
2025-08-06 11:26:35,331 - FaceRecognitionSystem - INFO - System cleanup completed
2025-08-06 11:29:38,161 - FaceDetector - INFO - Face detection components initialized
2025-08-06 11:29:38,305 - FaceDetector - INFO - FaceDetector initialized successfully
2025-08-06 11:29:38,413 - FaceRecognitionSystem - INFO - Face recognition system initialized successfully
2025-08-06 11:29:38,752 - FaceRecognitionSystem - INFO - Checking system requirements...
2025-08-06 11:31:50,288 - FaceRecognitionSystem - INFO - [OK] All requirements met!
2025-08-06 11:31:50,459 - FaceRecognitionSystem - INFO - Starting camera (index: 0)...
2025-08-06 11:37:53,242 - FaceDetector - INFO - FaceDetector cleaned up
2025-08-06 11:37:53,334 - FaceRecognitionSystem - INFO - System cleanup completed
2025-08-06 11:37:53,396 - FaceDetector - INFO - FaceDetector cleaned up
2025-08-06 11:37:53,447 - FaceRecognitionSystem - INFO - System cleanup completed
2025-08-06 11:45:03,273 - FaceDetector - INFO - Face detection components initialized
2025-08-06 11:45:03,279 - FaceDetector - INFO - FaceDetector initialized successfully
2025-08-06 11:45:03,295 - FaceRecognitionSystem - INFO - Face recognition system initialized successfully
2025-08-06 11:45:03,295 - FaceRecognitionSystem - INFO - Checking system requirements...
2025-08-06 11:46:50,895 - FaceRecognitionSystem - INFO - [OK] All requirements met!
2025-08-06 11:46:51,048 - FaceRecognitionSystem - INFO - Starting camera (index: 0)...
2025-08-06 11:59:19,920 - FaceDetector - INFO - Face detection components initialized
2025-08-06 11:59:19,920 - FaceDetector - INFO - FaceDetector initialized successfully
2025-08-06 11:59:19,920 - FaceRecognitionSystem - INFO - Face recognition system initialized successfully
2025-08-06 11:59:19,920 - FaceRecognitionSystem - INFO - Checking system requirements...
2025-08-06 11:59:23,730 - FaceRecognitionSystem - INFO - [OK] All requirements met!
2025-08-06 11:59:23,730 - FaceRecognitionSystem - INFO - Starting camera (index: 0)...
2025-08-06 12:01:04,394 - FaceDetector - INFO - FaceDetector cleaned up
2025-08-06 12:01:04,394 - FaceRecognitionSystem - INFO - System cleanup completed
2025-08-06 12:01:04,395 - FaceDetector - INFO - FaceDetector cleaned up
2025-08-06 12:01:04,395 - FaceRecognitionSystem - INFO - System cleanup completed
2025-08-06 12:01:44,457 - FaceDetector - INFO - Face detection components initialized
2025-08-06 12:01:44,457 - FaceDetector - INFO - FaceDetector initialized successfully
2025-08-06 12:01:44,457 - FaceRecognitionSystem - INFO - Face recognition system initialized successfully
2025-08-06 12:01:44,457 - FaceRecognitionSystem - INFO - Checking system requirements...
2025-08-06 12:01:47,665 - FaceRecognitionSystem - INFO - [OK] All requirements met!
2025-08-06 12:01:47,666 - FaceRecognitionSystem - INFO - Starting camera (index: 0)...
2025-08-06 12:03:24,796 - FaceDetector - INFO - FaceDetector cleaned up
2025-08-06 12:03:24,797 - FaceRecognitionSystem - INFO - System cleanup completed
2025-08-06 12:03:24,797 - FaceDetector - INFO - FaceDetector cleaned up
2025-08-06 12:03:24,798 - FaceRecognitionSystem - INFO - System cleanup completed
2025-08-06 12:05:04,281 - FaceDetector - INFO - Face detection components initialized
2025-08-06 12:05:04,281 - FaceDetector - INFO - FaceDetector initialized successfully
2025-08-06 12:05:04,281 - FaceRecognitionSystem - INFO - Face recognition system initialized successfully
2025-08-06 12:05:04,281 - FaceRecognitionSystem - INFO - Checking system requirements...
2025-08-06 12:05:07,386 - FaceRecognitionSystem - INFO - [OK] All requirements met!
2025-08-06 12:05:07,386 - FaceRecognitionSystem - INFO - Starting camera (index: 0)...
2025-08-06 12:05:45,928 - FaceDetector - INFO - FaceDetector cleaned up
2025-08-06 12:05:45,928 - FaceRecognitionSystem - INFO - System cleanup completed
2025-08-06 12:05:45,929 - FaceDetector - INFO - FaceDetector cleaned up
2025-08-06 12:05:45,929 - FaceRecognitionSystem - INFO - System cleanup completed
2025-08-06 12:07:53,109 - FaceDetector - INFO - Face detection components initialized
2025-08-06 12:07:53,156 - FaceDetector - INFO - FaceDetector initialized successfully
2025-08-06 12:07:53,157 - FaceRecognitionSystem - INFO - Face recognition system initialized successfully
2025-08-06 12:07:53,157 - FaceRecognitionSystem - INFO - Checking system requirements...
2025-08-06 12:07:56,500 - FaceRecognitionSystem - INFO - [OK] All requirements met!
2025-08-06 12:07:56,500 - FaceRecognitionSystem - INFO - Starting camera (index: 0)...
2025-08-06 12:09:30,491 - FaceDetector - INFO - FaceDetector cleaned up
2025-08-06 12:09:30,491 - FaceRecognitionSystem - INFO - System cleanup completed
2025-08-06 12:09:30,491 - FaceDetector - INFO - FaceDetector cleaned up
2025-08-06 12:09:30,491 - FaceRecognitionSystem - INFO - System cleanup completed
2025-08-06 12:10:15,380 - FaceDetector - INFO - Face detection components initialized
2025-08-06 12:10:15,380 - FaceDetector - INFO - FaceDetector initialized successfully
2025-08-06 12:10:15,381 - FaceRecognitionSystem - INFO - Face recognition system initialized successfully
2025-08-06 12:10:15,381 - FaceRecognitionSystem - INFO - Checking system requirements...
2025-08-06 12:10:18,681 - FaceRecognitionSystem - INFO - [OK] All requirements met!
2025-08-06 12:10:18,682 - FaceRecognitionSystem - INFO - Starting camera (index: 0)...
2025-08-06 12:12:29,901 - FaceDetector - INFO - FaceDetector cleaned up
2025-08-06 12:12:29,901 - FaceRecognitionSystem - INFO - System cleanup completed
2025-08-06 12:12:29,902 - FaceDetector - INFO - FaceDetector cleaned up
2025-08-06 12:12:29,902 - FaceRecognitionSystem - INFO - System cleanup completed
2025-08-06 12:12:42,417 - FaceDetector - INFO - Face detection components initialized
2025-08-06 12:12:42,417 - FaceDetector - INFO - FaceDetector initialized successfully
2025-08-06 12:12:42,418 - FaceRecognitionSystem - INFO - Face recognition system initialized successfully
2025-08-06 12:12:42,418 - FaceRecognitionSystem - INFO - Checking system requirements...
2025-08-06 12:12:45,504 - FaceRecognitionSystem - INFO - [OK] All requirements met!
2025-08-06 12:12:45,506 - FaceRecognitionSystem - INFO - Starting camera (index: 0)...
2025-08-06 12:15:53,957 - FaceDetector - INFO - FaceDetector cleaned up
2025-08-06 12:15:53,958 - FaceRecognitionSystem - INFO - System cleanup completed
2025-08-06 12:15:53,959 - FaceDetector - INFO - FaceDetector cleaned up
2025-08-06 12:15:53,960 - FaceRecognitionSystem - INFO - System cleanup completed
2025-08-06 12:16:13,356 - FaceDetector - INFO - Face detection components initialized
2025-08-06 12:16:13,356 - FaceDetector - INFO - FaceDetector initialized successfully
2025-08-06 12:16:13,357 - FaceRecognitionSystem - INFO - Face recognition system initialized successfully
2025-08-06 12:16:13,357 - FaceRecognitionSystem - INFO - Checking system requirements...
2025-08-06 12:16:16,633 - FaceRecognitionSystem - INFO - [OK] All requirements met!
2025-08-06 12:16:16,633 - FaceRecognitionSystem - INFO - Starting camera (index: 0)...
2025-08-06 12:19:44,682 - FaceDetector - INFO - FaceDetector cleaned up
2025-08-06 12:19:44,698 - FaceRecognitionSystem - INFO - System cleanup completed
2025-08-06 12:19:44,699 - FaceDetector - INFO - FaceDetector cleaned up
2025-08-06 12:19:44,699 - FaceRecognitionSystem - INFO - System cleanup completed
2025-08-06 12:25:26,508 - FaceDetector - INFO - Face detection components initialized
2025-08-06 12:25:26,508 - FaceDetector - INFO - FaceDetector initialized successfully
2025-08-06 12:25:26,508 - FaceRecognitionSystem - INFO - Face recognition system initialized successfully
2025-08-06 12:25:26,508 - FaceRecognitionSystem - INFO - Checking system requirements...
2025-08-06 12:25:30,309 - FaceRecognitionSystem - INFO - [OK] All requirements met!
2025-08-06 12:25:30,309 - FaceRecognitionSystem - INFO - Starting camera (index: 0)...
2025-08-06 12:25:40,256 - FaceDetector - INFO - FaceDetector cleaned up
2025-08-06 12:25:40,256 - FaceRecognitionSystem - INFO - System cleanup completed
2025-08-06 12:25:40,256 - FaceDetector - INFO - FaceDetector cleaned up
2025-08-06 12:25:40,256 - FaceRecognitionSystem - INFO - System cleanup completed
2025-08-06 12:26:05,753 - FaceDetector - INFO - Face detection components initialized
2025-08-06 12:26:05,753 - FaceDetector - INFO - FaceDetector initialized successfully
2025-08-06 12:26:05,754 - FaceRecognitionSystem - INFO - Face recognition system initialized successfully
2025-08-06 12:26:05,754 - FaceRecognitionSystem - INFO - Checking system requirements...
2025-08-06 12:26:09,406 - FaceRecognitionSystem - INFO - [OK] All requirements met!
2025-08-06 12:26:09,407 - FaceRecognitionSystem - INFO - Starting camera (index: 0)...
2025-08-06 12:28:11,117 - FaceDetector - INFO - FaceDetector cleaned up
2025-08-06 12:28:11,118 - FaceRecognitionSystem - INFO - System cleanup completed
2025-08-06 12:28:11,118 - FaceDetector - INFO - FaceDetector cleaned up
2025-08-06 12:28:11,119 - FaceRecognitionSystem - INFO - System cleanup completed
2025-08-10 22:29:46,072 - FaceDetector - INFO - Face detection components initialized
2025-08-10 22:29:46,073 - FaceDetector - INFO - FaceDetector initialized successfully
2025-08-10 22:29:46,073 - FaceRecognitionSystem - INFO - Face recognition system initialized successfully
2025-08-10 22:29:46,074 - FaceRecognitionSystem - INFO - Checking system requirements...
2025-08-10 22:29:49,911 - FaceRecognitionSystem - INFO - [OK] All requirements met!
2025-08-10 22:29:49,914 - FaceRecognitionSystem - INFO - Starting camera (index: 0)...
2025-08-10 22:36:40,405 - FaceDetector - INFO - FaceDetector cleaned up
2025-08-10 22:36:40,405 - FaceRecognitionSystem - INFO - System cleanup completed
2025-08-10 22:36:40,405 - FaceDetector - INFO - FaceDetector cleaned up
2025-08-10 22:36:40,405 - FaceRecognitionSystem - INFO - System cleanup completed
2025-08-10 22:47:05,119 - FaceDetector - INFO - Face detection components initialized
2025-08-10 22:47:05,119 - FaceDetector - INFO - FaceDetector initialized successfully
2025-08-10 22:47:05,120 - FaceRecognitionSystem - INFO - Face recognition system initialized successfully
2025-08-10 22:47:05,120 - FaceRecognitionSystem - INFO - Checking system requirements...
2025-08-10 22:47:09,202 - FaceRecognitionSystem - INFO - [OK] All requirements met!
2025-08-10 22:47:09,204 - FaceRecognitionSystem - INFO - Starting camera (index: 0)...
2025-08-10 23:22:58,552 - FaceDetector - INFO - FaceDetector cleaned up
2025-08-10 23:22:58,571 - FaceRecognitionSystem - INFO - System cleanup completed
2025-08-10 23:22:58,574 - FaceDetector - INFO - FaceDetector cleaned up
2025-08-10 23:22:58,574 - FaceRecognitionSystem - INFO - System cleanup completed
2025-08-10 23:25:50,023 - FaceDetector - INFO - Face detection components initialized
2025-08-10 23:25:50,026 - FaceDetector - INFO - FaceDetector initialized successfully
2025-08-10 23:25:50,026 - FaceRecognitionSystem - INFO - Face recognition system initialized successfully
2025-08-10 23:25:50,026 - FaceRecognitionSystem - INFO - Checking system requirements...
2025-08-10 23:25:54,023 - FaceRecognitionSystem - INFO - [OK] All requirements met!
2025-08-10 23:25:54,025 - FaceRecognitionSystem - INFO - Starting camera (index: 0)...
2025-08-10 23:29:30,977 - FaceDetector - INFO - FaceDetector cleaned up
2025-08-10 23:29:30,993 - FaceRecognitionSystem - INFO - System cleanup completed
2025-08-10 23:29:30,996 - FaceDetector - INFO - FaceDetector cleaned up
2025-08-10 23:29:31,019 - FaceRecognitionSystem - INFO - System cleanup completed
2025-08-11 15:41:11,302 - FaceDetector - INFO - Face detection components initialized
2025-08-11 15:41:11,310 - FaceDetector - INFO - FaceDetector initialized successfully
2025-08-11 15:41:11,311 - FaceRecognitionSystem - INFO - Face recognition system initialized successfully
2025-08-11 15:41:11,311 - FaceRecognitionSystem - INFO - Checking system requirements...
2025-08-11 15:41:16,042 - FaceRecognitionSystem - INFO - [OK] All requirements met!
2025-08-11 15:41:16,044 - FaceRecognitionSystem - INFO - Starting camera (index: 0)...
2025-08-11 15:41:41,471 - FaceDetector - INFO - FaceDetector cleaned up
2025-08-11 15:41:41,473 - FaceRecognitionSystem - INFO - System cleanup completed
2025-08-11 15:41:41,474 - FaceDetector - INFO - FaceDetector cleaned up
2025-08-11 15:41:41,475 - FaceRecognitionSystem - INFO - System cleanup completed
2025-08-11 15:41:59,018 - FaceDetector - INFO - Face detection components initialized
2025-08-11 15:41:59,018 - FaceDetector - INFO - FaceDetector initialized successfully
2025-08-11 15:41:59,019 - FaceRecognitionSystem - INFO - Face recognition system initialized successfully
2025-08-11 15:41:59,019 - FaceRecognitionSystem - INFO - Checking system requirements...
2025-08-11 15:42:02,080 - FaceRecognitionSystem - INFO - [OK] All requirements met!
2025-08-11 15:42:02,081 - FaceRecognitionSystem - INFO - Starting camera (index: 0)...
2025-08-11 15:43:24,050 - FaceDetector - INFO - FaceDetector cleaned up
2025-08-11 15:43:24,052 - FaceRecognitionSystem - INFO - System cleanup completed
2025-08-11 15:43:24,054 - FaceDetector - INFO - FaceDetector cleaned up
2025-08-11 15:43:24,055 - FaceRecognitionSystem - INFO - System cleanup completed
2025-08-11 15:43:44,313 - FaceDetector - INFO - Face detection components initialized
2025-08-11 15:43:44,314 - FaceDetector - INFO - FaceDetector initialized successfully
2025-08-11 15:43:44,315 - FaceRecognitionSystem - INFO - Face recognition system initialized successfully
2025-08-11 15:43:44,316 - FaceRecognitionSystem - INFO - Checking system requirements...
2025-08-11 15:43:49,153 - FaceRecognitionSystem - INFO - [OK] All requirements met!
2025-08-11 15:43:49,153 - FaceRecognitionSystem - INFO - Starting camera (index: 0)...
2025-08-11 15:45:07,280 - FaceDetector - INFO - FaceDetector cleaned up
2025-08-11 15:45:07,280 - FaceRecognitionSystem - INFO - System cleanup completed
2025-08-11 15:45:07,646 - FaceDetector - INFO - FaceDetector cleaned up
2025-08-11 15:45:07,646 - FaceRecognitionSystem - INFO - System cleanup completed
2025-08-11 15:45:38,972 - FaceDetector - INFO - Face detection components initialized
2025-08-11 15:45:38,972 - FaceDetector - INFO - FaceDetector initialized successfully
2025-08-11 15:45:38,972 - FaceRecognitionSystem - INFO - Face recognition system initialized successfully
2025-08-11 15:45:38,972 - FaceRecognitionSystem - INFO - Checking system requirements...
2025-08-11 15:45:43,997 - FaceRecognitionSystem - INFO - [OK] All requirements met!
2025-08-11 15:45:43,997 - FaceRecognitionSystem - INFO - Starting camera (index: 0)...
2025-08-11 15:47:15,487 - FaceDetector - INFO - FaceDetector cleaned up
2025-08-11 15:47:15,522 - FaceRecognitionSystem - INFO - System cleanup completed
2025-08-11 15:47:15,523 - FaceDetector - INFO - FaceDetector cleaned up
2025-08-11 15:47:15,524 - FaceRecognitionSystem - INFO - System cleanup completed
2025-08-11 15:50:50,258 - FaceDetector - INFO - Face detection components initialized
2025-08-11 15:50:50,258 - FaceDetector - INFO - FaceDetector initialized successfully
2025-08-11 15:50:50,258 - FaceRecognitionSystem - INFO - Face recognition system initialized successfully
2025-08-11 15:50:50,258 - FaceRecognitionSystem - INFO - Checking system requirements...
2025-08-11 15:50:53,757 - FaceRecognitionSystem - INFO - [OK] All requirements met!
2025-08-11 15:50:53,759 - FaceRecognitionSystem - INFO - Starting camera (index: 0)...
2025-08-11 15:51:58,666 - FaceDetector - INFO - FaceDetector cleaned up
2025-08-11 15:51:58,666 - FaceRecognitionSystem - INFO - System cleanup completed
2025-08-11 15:51:58,666 - FaceDetector - INFO - FaceDetector cleaned up
2025-08-11 15:51:58,666 - FaceRecognitionSystem - INFO - System cleanup completed
2025-08-11 15:56:16,551 - FaceDetector - INFO - Face detection components initialized
2025-08-11 15:56:16,552 - FaceDetector - INFO - FaceDetector initialized successfully
2025-08-11 15:56:16,552 - FaceRecognitionSystem - INFO - Face recognition system initialized successfully
2025-08-11 15:56:16,552 - FaceRecognitionSystem - INFO - Checking system requirements...
2025-08-11 15:56:19,942 - FaceRecognitionSystem - INFO - [OK] All requirements met!
2025-08-11 15:56:19,942 - FaceRecognitionSystem - INFO - Starting camera (index: 0)...
2025-08-11 15:56:49,977 - FaceDetector - INFO - FaceDetector cleaned up
2025-08-11 15:56:49,978 - FaceRecognitionSystem - INFO - System cleanup completed
2025-08-11 15:56:49,978 - FaceDetector - INFO - FaceDetector cleaned up
2025-08-11 15:56:49,978 - FaceRecognitionSystem - INFO - System cleanup completed
2025-08-11 15:57:06,081 - FaceDetector - INFO - Face detection components initialized
2025-08-11 15:57:06,081 - FaceDetector - INFO - FaceDetector initialized successfully
2025-08-11 15:57:06,081 - FaceRecognitionSystem - INFO - Face recognition system initialized successfully
2025-08-11 15:57:06,081 - FaceRecognitionSystem - INFO - Checking system requirements...
2025-08-11 15:57:09,350 - FaceRecognitionSystem - INFO - [OK] All requirements met!
2025-08-11 15:57:09,350 - FaceRecognitionSystem - INFO - Starting camera (index: 0)...
2025-08-11 15:57:35,837 - FaceDetector - INFO - FaceDetector cleaned up
2025-08-11 15:57:35,837 - FaceRecognitionSystem - INFO - System cleanup completed
2025-08-11 15:57:35,838 - FaceDetector - INFO - FaceDetector cleaned up
2025-08-11 15:57:35,839 - FaceRecognitionSystem - INFO - System cleanup completed
2025-08-11 16:12:16,885 - FaceDetector - INFO - Face detection components initialized
2025-08-11 16:12:16,899 - FaceDetector - INFO - FaceDetector initialized successfully
2025-08-11 16:12:16,900 - FaceRecognitionSystem - INFO - Face recognition system initialized successfully
2025-08-11 16:12:16,901 - FaceRecognitionSystem - INFO - Checking system requirements...
2025-08-11 16:12:20,931 - FaceRecognitionSystem - INFO - [OK] All requirements met!
2025-08-11 16:12:20,933 - FaceRecognitionSystem - INFO - Starting camera (index: 0)...
2025-08-11 16:13:18,239 - FaceDetector - INFO - FaceDetector cleaned up
2025-08-11 16:13:18,240 - FaceRecognitionSystem - INFO - System cleanup completed
2025-08-11 16:13:18,240 - FaceDetector - INFO - FaceDetector cleaned up
2025-08-11 16:13:18,240 - FaceRecognitionSystem - INFO - System cleanup completed
2025-08-11 16:35:12,969 - FaceDetector - INFO - Face detection components initialized
2025-08-11 16:35:12,980 - FaceDetector - INFO - FaceDetector initialized successfully
2025-08-11 16:35:12,981 - FaceRecognitionSystem - INFO - Face recognition system initialized successfully
2025-08-11 16:35:12,981 - FaceRecognitionSystem - INFO - Checking system requirements...
2025-08-11 16:35:16,730 - FaceRecognitionSystem - INFO - [OK] All requirements met!
2025-08-11 16:35:16,731 - FaceRecognitionSystem - INFO - Starting camera (index: 0)...
2025-08-11 16:36:54,614 - FaceDetector - INFO - FaceDetector cleaned up
2025-08-11 16:36:54,620 - FaceRecognitionSystem - INFO - System cleanup completed
2025-08-11 16:36:54,620 - FaceDetector - INFO - FaceDetector cleaned up
2025-08-11 16:36:54,620 - FaceRecognitionSystem - INFO - System cleanup completed
2025-08-11 16:38:58,301 - FaceDetector - INFO - Face detection components initialized
2025-08-11 16:38:58,318 - FaceDetector - INFO - FaceDetector initialized successfully
2025-08-11 16:38:58,340 - FaceRecognitionSystem - INFO - Face recognition system initialized successfully
2025-08-11 16:38:58,340 - FaceRecognitionSystem - INFO - Checking system requirements...
2025-08-11 16:39:03,200 - FaceRecognitionSystem - INFO - [OK] All requirements met!
2025-08-11 16:39:03,200 - FaceRecognitionSystem - INFO - Starting camera (index: 0)...
2025-08-11 16:40:24,376 - FaceDetector - INFO - FaceDetector cleaned up
2025-08-11 16:40:24,381 - FaceRecognitionSystem - INFO - System cleanup completed
2025-08-11 16:40:24,383 - FaceDetector - INFO - FaceDetector cleaned up
2025-08-11 16:40:24,392 - FaceRecognitionSystem - INFO - System cleanup completed
2025-08-11 16:44:50,929 - FaceDetector - INFO - Face detection components initialized
2025-08-11 16:44:50,929 - FaceDetector - INFO - FaceDetector initialized successfully
2025-08-11 16:44:50,930 - FaceRecognitionSystem - INFO - Face recognition system initialized successfully
2025-08-11 16:44:50,930 - FaceRecognitionSystem - INFO - Checking system requirements...
2025-08-11 16:44:54,842 - FaceRecognitionSystem - INFO - [OK] All requirements met!
2025-08-11 16:44:54,843 - FaceRecognitionSystem - INFO - Starting camera (index: 0)...
2025-08-11 16:45:59,885 - FaceDetector - INFO - FaceDetector cleaned up
2025-08-11 16:45:59,886 - FaceRecognitionSystem - INFO - System cleanup completed
2025-08-11 16:45:59,888 - FaceDetector - INFO - FaceDetector cleaned up
2025-08-11 16:45:59,889 - FaceRecognitionSystem - INFO - System cleanup completed
2025-08-11 16:53:14,124 - FaceDetector - INFO - Face detection components initialized
2025-08-11 16:53:14,129 - FaceDetector - INFO - FaceDetector initialized successfully
2025-08-11 16:53:14,130 - FaceRecognitionSystem - INFO - Face recognition system initialized successfully
2025-08-11 16:53:14,130 - FaceRecognitionSystem - INFO - Checking system requirements...
2025-08-11 16:53:17,977 - FaceRecognitionSystem - INFO - [OK] All requirements met!
2025-08-11 16:53:17,978 - FaceRecognitionSystem - INFO - Starting camera (index: 0)...
2025-08-11 16:54:38,780 - FaceDetector - INFO - FaceDetector cleaned up
2025-08-11 16:54:38,781 - FaceRecognitionSystem - INFO - System cleanup completed
2025-08-11 16:54:38,782 - FaceDetector - INFO - FaceDetector cleaned up
2025-08-11 16:54:38,788 - FaceRecognitionSystem - INFO - System cleanup completed
2025-08-11 17:03:13,723 - FaceDetector - INFO - Face detection components initialized
2025-08-11 17:03:13,724 - FaceDetector - INFO - FaceDetector initialized successfully
2025-08-11 17:03:13,727 - FaceRecognitionSystem - INFO - Face recognition system initialized successfully
2025-08-11 17:03:13,728 - FaceRecognitionSystem - INFO - Checking system requirements...
2025-08-11 17:03:18,762 - FaceRecognitionSystem - INFO - [OK] All requirements met!
2025-08-11 17:03:18,762 - FaceRecognitionSystem - INFO - Starting camera (index: 0)...
2025-08-11 17:04:23,749 - FaceDetector - INFO - FaceDetector cleaned up
2025-08-11 17:04:23,753 - FaceRecognitionSystem - INFO - System cleanup completed
2025-08-11 17:04:23,754 - FaceDetector - INFO - FaceDetector cleaned up
2025-08-11 17:04:23,754 - FaceRecognitionSystem - INFO - System cleanup completed
2025-08-11 17:06:51,794 - FaceDetector - INFO - Face detection components initialized
2025-08-11 17:06:51,806 - FaceDetector - INFO - FaceDetector initialized successfully
2025-08-11 17:06:51,807 - FaceRecognitionSystem - INFO - Face recognition system initialized successfully
2025-08-11 17:06:51,808 - FaceRecognitionSystem - INFO - Checking system requirements...
2025-08-11 17:06:58,716 - FaceRecognitionSystem - INFO - [OK] All requirements met!
2025-08-11 17:06:58,718 - FaceRecognitionSystem - INFO - Starting camera (index: 0)...
2025-08-11 17:07:55,014 - FaceDetector - INFO - FaceDetector cleaned up
2025-08-11 17:07:55,015 - FaceRecognitionSystem - INFO - System cleanup completed
2025-08-11 17:07:55,015 - FaceDetector - INFO - FaceDetector cleaned up
2025-08-11 17:07:55,015 - FaceRecognitionSystem - INFO - System cleanup completed
2025-08-11 17:11:03,126 - FaceDetector - INFO - Face detection components initialized
2025-08-11 17:11:03,132 - FaceDetector - INFO - FaceDetector initialized successfully
2025-08-11 17:11:03,134 - FaceRecognitionSystem - INFO - Face recognition system initialized successfully
2025-08-11 17:11:03,134 - FaceRecognitionSystem - INFO - Checking system requirements...
2025-08-11 17:11:08,009 - FaceRecognitionSystem - INFO - [OK] All requirements met!
2025-08-11 17:11:08,010 - FaceRecognitionSystem - INFO - Starting camera (index: 0)...
2025-08-11 17:12:02,151 - FaceDetector - INFO - FaceDetector cleaned up
2025-08-11 17:12:02,157 - FaceRecognitionSystem - INFO - System cleanup completed
2025-08-11 17:12:02,159 - FaceDetector - INFO - FaceDetector cleaned up
2025-08-11 17:12:02,159 - FaceRecognitionSystem - INFO - System cleanup completed
2025-08-11 17:16:25,300 - FaceDetector - INFO - Face detection components initialized
2025-08-11 17:16:25,304 - FaceDetector - INFO - FaceDetector initialized successfully
2025-08-11 17:16:25,304 - FaceRecognitionSystem - INFO - Face recognition system initialized successfully
2025-08-11 17:16:25,304 - FaceRecognitionSystem - INFO - Checking system requirements...
2025-08-11 17:16:29,834 - FaceRecognitionSystem - INFO - [OK] All requirements met!
2025-08-11 17:16:29,835 - FaceRecognitionSystem - INFO - Starting camera (index: 0)...
2025-08-11 17:17:53,098 - FaceDetector - INFO - FaceDetector cleaned up
2025-08-11 17:17:53,100 - FaceRecognitionSystem - INFO - System cleanup completed
2025-08-11 17:17:53,101 - FaceDetector - INFO - FaceDetector cleaned up
2025-08-11 17:17:53,106 - FaceRecognitionSystem - INFO - System cleanup completed
2025-08-11 17:24:18,020 - FaceDetector - INFO - Face detection components initialized
2025-08-11 17:24:18,023 - FaceDetector - INFO - FaceDetector initialized successfully
2025-08-11 17:24:18,026 - FaceRecognitionSystem - INFO - Face recognition system initialized successfully
2025-08-11 17:24:18,027 - FaceRecognitionSystem - INFO - Checking system requirements...
2025-08-11 17:24:23,365 - FaceRecognitionSystem - INFO - [OK] All requirements met!
2025-08-11 17:24:23,366 - FaceRecognitionSystem - INFO - Starting camera (index: 0)...
2025-08-11 17:25:22,564 - FaceDetector - INFO - FaceDetector cleaned up
2025-08-11 17:25:22,565 - FaceRecognitionSystem - INFO - System cleanup completed
2025-08-11 17:25:22,565 - FaceDetector - INFO - FaceDetector cleaned up
2025-08-11 17:25:22,565 - FaceRecognitionSystem - INFO - System cleanup completed
2025-08-12 17:56:52,117 - FaceDetector - INFO - Face detection components initialized
2025-08-12 17:56:52,138 - FaceDetector - INFO - FaceDetector initialized successfully
2025-08-12 17:56:52,149 - FaceRecognitionSystem - INFO - Face recognition system initialized successfully
2025-08-12 17:56:52,150 - FaceRecognitionSystem - INFO - Checking system requirements...
2025-08-12 17:56:56,676 - FaceRecognitionSystem - INFO - [OK] All requirements met!
2025-08-12 17:56:56,678 - FaceRecognitionSystem - INFO - Starting camera (index: 0)...
2025-08-12 17:57:26,143 - FaceDetector - INFO - FaceDetector cleaned up
2025-08-12 17:57:26,149 - FaceRecognitionSystem - INFO - System cleanup completed
2025-08-12 17:57:26,150 - FaceDetector - INFO - FaceDetector cleaned up
2025-08-12 17:57:26,156 - FaceRecognitionSystem - INFO - System cleanup completed
